{
  "stats": {
    "suites": 1,
    "tests": 10,
    "passes": 8,
    "pending": 0,
    "failures": 2,
    "start": "2023-11-16T20:31:31.743Z",
    "end": "2023-11-16T20:32:17.585Z",
    "duration": 45842,
    "testsRegistered": 10,
    "passPercent": 80,
    "pendingPercent": 0,
    "other": 0,
    "hasOther": false,
    "skipped": 0,
    "hasSkipped": false
  },
  "results": [
    {
      "uuid": "19f7d3ab-08ab-4cf5-9402-dd889a9baf20",
      "title": "",
      "fullFile": "cypress\\e2e\\Parabank Website.cy.js",
      "file": "cypress\\e2e\\Parabank Website.cy.js",
      "beforeHooks": [],
      "afterHooks": [],
      "tests": [],
      "suites": [
        {
          "uuid": "1452e814-5587-4870-be7e-ab9ca4d883a2",
          "title": "Parabank automation testing assignment",
          "fullFile": "",
          "file": "",
          "beforeHooks": [],
          "afterHooks": [],
          "tests": [
            {
              "title": "Login with BLANK username and password",
              "fullTitle": "Parabank automation testing assignment Login with BLANK username and password",
              "timedOut": null,
              "duration": 5300,
              "state": "passed",
              "speed": "medium",
              "pass": true,
              "fail": false,
              "pending": false,
              "context": null,
              "code": "cy.get('input[type=\"text\"]').clear();\ncy.get('input[type=\"password\"]').clear();\ncy.get('input[type=\"submit\"]').click();\n//Assert that loging was not successful and we get error\ncy.contains(\"h1\", \"Error!\").should(\"be.visible\");\ncy.contains(\"p\", \"Please enter a username and password.\").should(\"be.visible\");",
              "err": {},
              "uuid": "0ca64fb2-30b0-4ea4-9a73-f74c79f38169",
              "parentUUID": "1452e814-5587-4870-be7e-ab9ca4d883a2",
              "isHook": false,
              "skipped": false
            },
            {
              "title": "Register with valid information",
              "fullTitle": "Parabank automation testing assignment Register with valid information",
              "timedOut": null,
              "duration": 6020,
              "state": "passed",
              "speed": "medium",
              "pass": true,
              "fail": false,
              "pending": false,
              "context": null,
              "code": "cy.fixture(\"userData.json\").then(userData => {\n  //Find Register link and assert its correct page\n  cy.get('a[href*=\"register.htm\"]').click();\n  cy.contains(\"h1\", \"Signing up is easy!\").should(\"be.visible\");\n  // Fill out the form fields\n  cy.get('input[name=\"customer.firstName\"]').type(userData.oldUser.firstName);\n  cy.get('input[name=\"customer.lastName\"]').type(userData.oldUser.lastName);\n  cy.get('input[name=\"customer.address.street\"]').type(userData.oldUser.street);\n  cy.get('input[name=\"customer.address.city\"]').type(userData.oldUser.city);\n  cy.get('input[name=\"customer.address.state\"]').type(userData.oldUser.state);\n  cy.get('input[name=\"customer.address.zipCode\"]').type(userData.oldUser.zipCode);\n  cy.get('input[name=\"customer.phoneNumber\"]').type(userData.oldUser.phoneNumber);\n  cy.get('input[name=\"customer.ssn\"]').type(userData.oldUser.ssn);\n  cy.get('input[name=\"customer.username\"]').type(fakeUsername);\n  cy.get('input[name=\"customer.password\"]').type(fakePassword);\n  cy.get('input[name=\"repeatedPassword\"]').type(fakePassword);\n  cy.get('input[type=\"submit\"][value=\"Register\"]').click();\n  //Assert that registration was successful\n  cy.contains(\"h1\", \"Welcome \" + fakeUsername).should(\"be.visible\");\n  cy.contains(\"p\", \"Your account was created successfully. You are now logged in.\").should(\"be.visible\");\n  cy.get('a[href*=\"logout.htm\"]').click();\n});",
              "err": {},
              "uuid": "5c64ab82-2b97-4aec-b53c-962a899701af",
              "parentUUID": "1452e814-5587-4870-be7e-ab9ca4d883a2",
              "isHook": false,
              "skipped": false
            },
            {
              "title": "Login with correct username and password",
              "fullTitle": "Parabank automation testing assignment Login with correct username and password",
              "timedOut": null,
              "duration": 2806,
              "state": "passed",
              "speed": "fast",
              "pass": true,
              "fail": false,
              "pending": false,
              "context": null,
              "code": "//Parabank saves registration info for limited time i think\ncy.get('input[type=\"text\"]').type(fakeUsername);\ncy.get('input[type=\"password\"]').type(fakePassword);\ncy.get('input[type=\"submit\"]').click();\ncy.contains(\"h1\", \"Accounts Overview\").should(\"be.visible\");",
              "err": {},
              "uuid": "41da51b2-9e40-4b32-8e3d-a1ab09ba768c",
              "parentUUID": "1452e814-5587-4870-be7e-ab9ca4d883a2",
              "isHook": false,
              "skipped": false
            },
            {
              "title": "Open savings account",
              "fullTitle": "Parabank automation testing assignment Open savings account",
              "timedOut": null,
              "duration": 3268,
              "state": "passed",
              "speed": "fast",
              "pass": true,
              "fail": false,
              "pending": false,
              "context": null,
              "code": "cy.get('a[href*=\"openaccount.htm\"]').click();\ncy.get(\"#type\").select(\"SAVINGS\");\ncy.wait(1000);\ncy.get(\"#fromAccountId\").find(\"option\").eq(0).invoke(\"val\").then(value => {\n  cy.get(\"#fromAccountId\").select(value);\n});\ncy.get('input[type=\"submit\"][value=\"Open New Account\"]').click();\ncy.contains(\"h1\", \"Account Opened!\").should(\"be.visible\");",
              "err": {},
              "uuid": "368a61ac-a3f8-4084-a348-8461981137f4",
              "parentUUID": "1452e814-5587-4870-be7e-ab9ca4d883a2",
              "isHook": false,
              "skipped": false
            },
            {
              "title": "Transfer funds (positive number)",
              "fullTitle": "Parabank automation testing assignment Transfer funds (positive number)",
              "timedOut": null,
              "duration": 3114,
              "state": "passed",
              "speed": "fast",
              "pass": true,
              "fail": false,
              "pending": false,
              "context": null,
              "code": "cy.get('a[href*=\"transfer.htm\"]').click();\ncy.wait(1000);\ncy.get('input[name=\"input\"]').type(PosMoney);\ncy.get(\"#fromAccountId\").find(\"option\").eq(0).invoke(\"val\").then(value => {\n  cy.get(\"#fromAccountId\").select(value);\n});\ncy.get(\"#fromAccountId\").find(\"option\").eq(1).invoke(\"val\").then(value => {\n  cy.get(\"#toAccountId\").select(value);\n});\ncy.get('input[type=\"submit\"][value=\"Transfer\"]').click();\ncy.contains(\"h1\", \"Transfer Complete!\").should(\"be.visible\");\ncy.get(\"#amount\").should(\"be.visible\").contains(\"$\" + PosMoney);",
              "err": {},
              "uuid": "bf98ff38-8c6a-4c17-92b5-ef2bb4930be5",
              "parentUUID": "1452e814-5587-4870-be7e-ab9ca4d883a2",
              "isHook": false,
              "skipped": false
            },
            {
              "title": "Transfer funds (negative number)",
              "fullTitle": "Parabank automation testing assignment Transfer funds (negative number)",
              "timedOut": null,
              "duration": 7254,
              "state": "failed",
              "speed": null,
              "pass": false,
              "fail": true,
              "pending": false,
              "context": null,
              "code": "cy.get('a[href*=\"transfer.htm\"]').click();\ncy.wait(1000);\ncy.get('input[name=\"input\"]').type(NegMoney);\ncy.get(\"#fromAccountId\").find(\"option\").eq(0).invoke(\"val\").then(value => {\n  cy.get(\"#fromAccountId\").select(value);\n});\ncy.get(\"#fromAccountId\").find(\"option\").eq(1).invoke(\"val\").then(value => {\n  cy.get(\"#toAccountId\").select(value);\n});\ncy.get('input[type=\"submit\"][value=\"Transfer\"]').click();\n//Assert that transfer was NOT successful\n//Error message unknown, it allows negative numbers?\ncy.contains(\"p\", \"Negative numbers not allowed\").should(\"be.visible\", {\n  timeout: 5000\n}).then(() => {\n  // Continue to the next test steps\n  cy.log(\"Transer not complete\");\n});",
              "err": {
                "message": "AssertionError: Timed out retrying after 4000ms: Expected to find content: 'Negative numbers not allowed' within the selector: 'p' but never did.",
                "estack": "AssertionError: Timed out retrying after 4000ms: Expected to find content: 'Negative numbers not allowed' within the selector: 'p' but never did.\n    at Context.eval (webpack:///./cypress/e2e/Parabank Website.cy.js:123:7)",
                "diff": null
              },
              "uuid": "03dfdf93-a3bf-4db1-9829-29da5cb71a6d",
              "parentUUID": "1452e814-5587-4870-be7e-ab9ca4d883a2",
              "isHook": false,
              "skipped": false
            },
            {
              "title": "Update user contact info",
              "fullTitle": "Parabank automation testing assignment Update user contact info",
              "timedOut": null,
              "duration": 4727,
              "state": "passed",
              "speed": "fast",
              "pass": true,
              "fail": false,
              "pending": false,
              "context": null,
              "code": "cy.fixture(\"userData.json\").then(userData => {\n  cy.get('a[href*=\"updateprofile.htm\"]').click();\n  //Assert that we are on the update profile page\n  cy.get('input[name=\"customer.firstName\"]').clear().type(userData.newUser.firstName);\n  cy.get('input[name=\"customer.lastName\"]').clear().type(userData.newUser.lastName);\n  cy.get('input[name=\"customer.address.street\"]').clear().type(userData.newUser.street);\n  cy.get('input[name=\"customer.address.city\"]').clear().type(userData.newUser.city);\n  cy.get('input[name=\"customer.address.state\"]').clear().type(userData.newUser.state);\n  cy.get('input[name=\"customer.address.zipCode\"]').clear().type(userData.newUser.zipCode);\n  cy.get('input[name=\"customer.phoneNumber\"]').clear().type(userData.newUser.phoneNumber);\n  cy.get('input[type=\"submit\"][value=\"Update Profile\"]').click();\n  cy.wait(1000);\n  //Assert that we are on the profile update was successful\n  cy.contains(\"h1\", \"Profile Updated\").should(\"be.visible\");\n  cy.contains(\"p\", \"Your updated address and phone number have been added to the system.\").should(\"be.visible\");\n});",
              "err": {},
              "uuid": "bd8d1079-d3bf-4f40-b225-74e3da0e480e",
              "parentUUID": "1452e814-5587-4870-be7e-ab9ca4d883a2",
              "isHook": false,
              "skipped": false
            },
            {
              "title": "Using a website contact form",
              "fullTitle": "Parabank automation testing assignment Using a website contact form",
              "timedOut": null,
              "duration": 3875,
              "state": "passed",
              "speed": "fast",
              "pass": true,
              "fail": false,
              "pending": false,
              "context": null,
              "code": "cy.fixture(\"userData.json\").then(userData => {\n  cy.get(\"li.contact a\").click();\n  cy.wait(1000);\n  cy.get('input[name=\"name\"]').type(userData.newUser.firstName + \" \" + userData.newUser.lastName);\n  cy.get('input[name=\"email\"]').type(fakeEmail);\n  cy.get('input[name=\"phone\"]').type(userData.newUser.phoneNumber);\n  cy.get('textarea[name=\"message\"]').type(\"Hello!\");\n  cy.get('input[type=\"submit\"][value=\"Send to Customer Care\"]').click();\n  //Assert that loging out was successful and we are on the main page\n  cy.contains(\"h1\", \"Customer Care\").should(\"be.visible\");\n  cy.contains(\"p\", \"Thank you \" + userData.newUser.firstName + \" \" + userData.newUser.lastName).should(\"be.visible\");\n});",
              "err": {},
              "uuid": "e6c3ea64-cc16-40ee-bd99-3e35c9f7a6a6",
              "parentUUID": "1452e814-5587-4870-be7e-ab9ca4d883a2",
              "isHook": false,
              "skipped": false
            },
            {
              "title": "Logout from the website",
              "fullTitle": "Parabank automation testing assignment Logout from the website",
              "timedOut": null,
              "duration": 1333,
              "state": "passed",
              "speed": "fast",
              "pass": true,
              "fail": false,
              "pending": false,
              "context": null,
              "code": "cy.get('a[href*=\"logout.htm\"]').click();\n//Assert that loging out was successful and we are on the main page\ncy.contains(\"h2\", \"Customer Login\").should(\"be.visible\");\ncy.contains(\"p\", \"Username\").should(\"be.visible\");\ncy.contains(\"p\", \"Password\").should(\"be.visible\");",
              "err": {},
              "uuid": "52f5f077-1348-46c0-b0a4-599b05938ad0",
              "parentUUID": "1452e814-5587-4870-be7e-ab9ca4d883a2",
              "isHook": false,
              "skipped": false
            },
            {
              "title": "Register using INVALID characters",
              "fullTitle": "Parabank automation testing assignment Register using INVALID characters",
              "timedOut": null,
              "duration": 7708,
              "state": "failed",
              "speed": null,
              "pass": false,
              "fail": true,
              "pending": false,
              "context": null,
              "code": "// Find Register link and assert its correct page\ncy.get('a[href*=\"register.htm\"]').click();\ncy.contains(\"h1\", \"Signing up is easy!\").should(\"be.visible\");\n// Fill out the form fields\ncy.get('input[name=\"customer.firstName\"]').type(invalidChars);\ncy.get('input[name=\"customer.lastName\"]').type(invalidChars);\ncy.get('input[name=\"customer.address.street\"]').type(invalidChars);\ncy.get('input[name=\"customer.address.city\"]').type(invalidChars);\ncy.get('input[name=\"customer.address.state\"]').type(invalidChars);\ncy.get('input[name=\"customer.address.zipCode\"]').type(invalidChars);\ncy.get('input[name=\"customer.phoneNumber\"]').type(invalidChars);\ncy.get('input[name=\"customer.ssn\"]').type(invalidChars);\ncy.get('input[name=\"customer.username\"]').type(fakeUsername);\ncy.get('input[name=\"customer.password\"]').type(invalidChars);\ncy.get('input[name=\"repeatedPassword\"]').type(invalidChars);\ncy.get('input[type=\"submit\"][value=\"Register\"]').click();\n// Assert that registration was NOT successful\n// Error message unknown, it allows any character?\ncy.contains(\"p\", \"Invalid characters not allowed\").should(\"be.visible\", {\n  timeout: 5000\n}).then(() => {\n  cy.log(\"Registration was successful using invalid characters.\");\n});",
              "err": {
                "message": "AssertionError: Timed out retrying after 4000ms: Expected to find content: 'Invalid characters not allowed' within the selector: 'p' but never did.",
                "estack": "AssertionError: Timed out retrying after 4000ms: Expected to find content: 'Invalid characters not allowed' within the selector: 'p' but never did.\n    at Context.eval (webpack:///./cypress/e2e/Parabank Website.cy.js:193:7)",
                "diff": null
              },
              "uuid": "ccfdd3db-2896-49c8-a936-97bde1479e63",
              "parentUUID": "1452e814-5587-4870-be7e-ab9ca4d883a2",
              "isHook": false,
              "skipped": false
            }
          ],
          "suites": [],
          "passes": [
            "0ca64fb2-30b0-4ea4-9a73-f74c79f38169",
            "5c64ab82-2b97-4aec-b53c-962a899701af",
            "41da51b2-9e40-4b32-8e3d-a1ab09ba768c",
            "368a61ac-a3f8-4084-a348-8461981137f4",
            "bf98ff38-8c6a-4c17-92b5-ef2bb4930be5",
            "bd8d1079-d3bf-4f40-b225-74e3da0e480e",
            "e6c3ea64-cc16-40ee-bd99-3e35c9f7a6a6",
            "52f5f077-1348-46c0-b0a4-599b05938ad0"
          ],
          "failures": [
            "03dfdf93-a3bf-4db1-9829-29da5cb71a6d",
            "ccfdd3db-2896-49c8-a936-97bde1479e63"
          ],
          "pending": [],
          "skipped": [],
          "duration": 45405,
          "root": false,
          "rootEmpty": false,
          "_timeout": 2000
        }
      ],
      "passes": [],
      "failures": [],
      "pending": [],
      "skipped": [],
      "duration": 0,
      "root": true,
      "rootEmpty": true,
      "_timeout": 2000
    }
  ],
  "meta": {
    "mocha": {
      "version": "7.0.1"
    },
    "mochawesome": {
      "options": {
        "quiet": false,
        "reportFilename": "mochawesome",
        "saveHtml": true,
        "saveJson": true,
        "consoleReporter": "spec",
        "useInlineDiffs": false,
        "code": true
      },
      "version": "7.1.3"
    },
    "marge": {
      "options": null,
      "version": "6.2.0"
    }
  }
}